2008-02-27 20:36:03,333 [main] DEBUG (RemoteXUpdateQueryService.java [updateResource]:61) - processing xupdate:
<?xml version="1.0" encoding="UTF-8"?><xu:modifications version="1.0" xmlns:xu="http://www.xmldb.org/xupdate"><xu:append select="/*" child="1"><xu:element name="child"><xu:attribute name="type">home</xu:attribute>value</xu:element></xu:append></xu:modifications> 
2008-02-27 20:36:04,151 [main] DEBUG (RemoteXUpdateQueryService.java [updateResource]:74) - processed 1 modifications 
2008-02-27 20:37:10,957 [main] DEBUG (RemoteXUpdateQueryService.java [updateResource]:61) - processing xupdate:
<?xml version="1.0" encoding="UTF-8"?><xu:modifications version="1.0" xmlns:xu="http://www.xmldb.org/xupdate"><xu:append select="/*" child="1"><xu:element name="child"><xu:attribute name="type">home</xu:attribute>value</xu:element></xu:append></xu:modifications> 
2008-02-27 20:37:10,982 [main] DEBUG (RemoteXUpdateQueryService.java [updateResource]:74) - processed 1 modifications 
2008-02-27 20:38:00,574 [main] DEBUG (RemoteXUpdateQueryService.java [update]:36) - processing xupdate:
<?xml version="1.0" encoding="UTF-8"?><xu:modifications version="1.0" xmlns:xu="http://www.xmldb.org/xupdate"><xu:append select="/*" child="1"><xu:element name="child"><xu:attribute name="type">home</xu:attribute>value</xu:element></xu:append></xu:modifications> 
2008-02-27 20:38:01,624 [main] DEBUG (RemoteXUpdateQueryService.java [update]:48) - processed 610 modifications 
2008-02-27 20:38:13,929 [main] DEBUG (RemoteXUpdateQueryService.java [updateResource]:61) - processing xupdate:
<?xml version="1.0" encoding="UTF-8"?><xu:modifications version="1.0" xmlns:xu="http://www.xmldb.org/xupdate"><xu:append select="/*" child="1"><xu:element name="child"><xu:attribute name="type">home</xu:attribute>value</xu:element></xu:append></xu:modifications> 
2008-02-27 20:38:13,946 [main] DEBUG (RemoteXUpdateQueryService.java [updateResource]:74) - processed 1 modifications 
2008-02-27 20:40:41,448 [main] DEBUG (RemoteXUpdateQueryService.java [updateResource]:61) - processing xupdate:
<?xml version="1.0" encoding="UTF-8"?><xu:modifications version="1.0" xmlns:xu="http://www.xmldb.org/xupdate"><xu:append select="/*" child="1"><xu:element name="child"><xu:attribute name="type">home</xu:attribute>value</xu:element></xu:append></xu:modifications> 
2008-02-27 20:40:41,475 [main] DEBUG (RemoteXUpdateQueryService.java [updateResource]:74) - processed 1 modifications 
2008-02-27 20:42:34,573 [main] DEBUG (RemoteXUpdateQueryService.java [update]:36) - processing xupdate:
<?xml version="1.0" encoding="UTF-8"?><xu:modifications version="1.0" xmlns:xbrlapi="http://xbrlapi.org/" xmlns:xu="http://www.xmldb.org/xupdate"><xu:append select="/*" child="1"><xu:element name="child"><xu:attribute name="type">home</xu:attribute>value</xu:element></xu:append></xu:modifications> 
2008-02-27 20:42:34,801 [main] DEBUG (RemoteXUpdateQueryService.java [update]:48) - processed 610 modifications 
2008-02-27 20:42:41,049 [main] DEBUG (RemoteXUpdateQueryService.java [updateResource]:61) - processing xupdate:
<?xml version="1.0" encoding="UTF-8"?><xu:modifications version="1.0" xmlns:xbrlapi="http://xbrlapi.org/" xmlns:xu="http://www.xmldb.org/xupdate"><xu:append select="/*" child="1"><xu:element name="child"><xu:attribute name="type">home</xu:attribute>value</xu:element></xu:append></xu:modifications> 
2008-02-27 20:42:41,057 [main] DEBUG (RemoteXUpdateQueryService.java [updateResource]:74) - processed 1 modifications 
2008-02-27 20:43:59,024 [main] DEBUG (RemoteXUpdateQueryService.java [updateResource]:61) - processing xupdate:
<?xml version="1.0" encoding="UTF-8"?><xu:modifications version="1.0" xmlns:xu="http://www.xmldb.org/xupdate"><xu:append select="/*" child="1"><xu:element name="child"><xu:attribute name="type">home</xu:attribute>value</xu:element></xu:append></xu:modifications> 
2008-02-27 20:43:59,030 [main] DEBUG (RemoteXUpdateQueryService.java [updateResource]:74) - processed 1 modifications 
2008-02-27 20:44:40,741 [main] DEBUG (RemoteXUpdateQueryService.java [update]:36) - processing xupdate:
<?xml version="1.0" encoding="UTF-8"?><xu:modifications version="1.0" xmlns:xbrlapi="http://xbrlapi.org/" xmlns:xu="http://www.xmldb.org/xupdate"><xu:append select="/*" child="1"><xu:element name="child"><xu:attribute name="type">home</xu:attribute>value</xu:element></xu:append></xu:modifications> 
2008-02-27 20:44:41,298 [main] DEBUG (RemoteXUpdateQueryService.java [update]:48) - processed 610 modifications 
2008-02-27 20:44:54,820 [main] DEBUG (RemoteXUpdateQueryService.java [update]:36) - processing xupdate:
<?xml version="1.0" encoding="UTF-8"?><xu:modifications version="1.0" xmlns:xbrlapi="http://xbrlapi.org/" xmlns:xu="http://www.xmldb.org/xupdate"><xu:append select="/*" child="1"><xu:element name="child"><xu:attribute name="type">home</xu:attribute>value</xu:element></xu:append></xu:modifications> 
2008-02-27 20:44:55,058 [main] DEBUG (RemoteXUpdateQueryService.java [update]:48) - processed 610 modifications 
